<?xml version="1.0" encoding="UTF-8"?>
<!-- Generated by org.testng.reporters.JUnitReportReporter -->
<testsuite hostname="GUN-PC" name="ru.st.selenium.RemoveFilm" tests="1" failures="0" timestamp="11 Feb 2015 11:10:20 GMT" time="0.067" errors="0">
  <testcase name="testRemoveFilm" time="0.067" classname="ru.st.selenium.RemoveFilm"/>
</testsuite> <!-- ru.st.selenium.RemoveFilm -->
