<?xml version="1.0" encoding="UTF-8"?>
<!-- Generated by org.testng.reporters.JUnitReportReporter -->
<testsuite hostname="GUN-PC" name="ru.st.selenium.Logout" tests="1" failures="0" timestamp="11 Feb 2015 11:10:20 GMT" time="0.277" errors="0">
  <testcase name="testLogout" time="0.277" classname="ru.st.selenium.Logout"/>
</testsuite> <!-- ru.st.selenium.Logout -->
