<?xml version="1.0" encoding="UTF-8"?>
<!-- Generated by org.testng.reporters.JUnitReportReporter -->
<testsuite hostname="GUN-PC" name="ru.st.selenium.Login" tests="1" failures="0" timestamp="11 Feb 2015 11:10:20 GMT" time="1.919" errors="0">
  <testcase name="testLogin" time="1.919" classname="ru.st.selenium.Login"/>
</testsuite> <!-- ru.st.selenium.Login -->
