<?xml version="1.0" encoding="UTF-8"?>
<!-- Generated by org.testng.reporters.JUnitReportReporter -->
<testsuite hostname="GUN-PC" name="ru.st.selenium.AddFilm" tests="1" failures="0" timestamp="11 Feb 2015 11:10:20 GMT" time="0.883" errors="0">
  <testcase name="testAddFilm" time="0.883" classname="ru.st.selenium.AddFilm"/>
</testsuite> <!-- ru.st.selenium.AddFilm -->
